<?xml version="1.0" encoding="UTF-8"?>
<testsuite xmlns:xsi="http://www.w3.org/2001/XMLSchema-instance" xsi:noNamespaceSchemaLocation="https://maven.apache.org/surefire/maven-failsafe-plugin/xsd/failsafe-test-report-3.0.xsd" version="3.0" name="tn.backend.isimm.web.rest.AuthenticateControllerIT" time="2.568" tests="3" errors="0" skipped="0" failures="0">
  <properties>
[...]
</properties>
  <testcase name="testAuthorizeFails" classname="tn.backend.isimm.web.rest.AuthenticateControllerIT" time="0.22">
    <system-out><![CDATA[
        ██╗ ██╗   ██╗ ████████╗ ███████╗   ██████╗ ████████╗ ████████╗ ███████╗
        ██║ ██║   ██║ ╚══██╔══╝ ██╔═══██╗ ██╔════╝ ╚══██╔══╝ ██╔═════╝ ██╔═══██╗
        ██║ ████████║    ██║    ███████╔╝ ╚█████╗     ██║    ██████╗   ███████╔╝
  ██╗   ██║ ██╔═══██║    ██║    ██╔════╝   ╚═══██╗    ██║    ██╔═══╝   ██╔══██║
  ╚██████╔╝ ██║   ██║ ████████╗ ██║       ██████╔╝    ██║    ████████╗ ██║  ╚██╗
   ╚═════╝  ╚═╝   ╚═╝ ╚═══════╝ ╚═╝       ╚═════╝     ╚═╝    ╚═══════╝ ╚═╝   ╚═╝

:: JHipster 🤓  :: Running Spring Boot 3.2.3 :: Startup profile(s) testdev ::
:: https://www.jhipster.tech ::

2024-04-03T03:44:26.635+01:00  INFO 23740 --- [backend] [           main] t.b.i.web.rest.AuthenticateControllerIT  : Starting AuthenticateControllerIT using Java 19 with PID 23740 (started by Msi in C:\Dhia\ING INFO 1\Semestre 1\Web avancé\Projet\Backend)
2024-04-03T03:44:26.636+01:00  INFO 23740 --- [backend] [           main] t.b.i.web.rest.AuthenticateControllerIT  : The following 1 profile is active: "testdev"
Liquibase: Update has been successful. Rows affected: 0
2024-04-03T03:44:28.456+01:00  INFO 23740 --- [backend] [           main] t.b.i.web.rest.AuthenticateControllerIT  : Started AuthenticateControllerIT in 1.894 seconds (process running for 54.266)
]]></system-out>
  </testcase>
  <testcase name="testAuthorizeWithRememberMe" classname="tn.backend.isimm.web.rest.AuthenticateControllerIT" time="0.247"/>
  <testcase name="testAuthorize" classname="tn.backend.isimm.web.rest.AuthenticateControllerIT" time="0.184"/>
</testsuite>