GROUP,PACKAGE,CLASS,INSTRUCTION_MISSED,INSTRUCTION_COVERED,BRANCH_MISSED,BRANCH_COVERED,LINE_MISSED,LINE_COVERED,COMPLEXITY_MISSED,COMPLEXITY_COVERED,METHOD_MISSED,METHOD_COVERED
Backend,tn.backend.isimm.web.rest.vm,LoginVM,6,24,0,0,1,10,1,7,1,7
Backend,tn.backend.isimm.web.rest.vm,ManagedUserVM,0,14,0,0,0,6,0,4,0,4
Backend,tn.backend.isimm.web.rest.vm,KeyAndPasswordVM,0,17,0,0,0,7,0,5,0,5
Backend,tn.backend.isimm.security,SecurityUtils,82,43,12,6,14,10,16,5,9,3
Backend,tn.backend.isimm.security,SpringSecurityAuditorAware,0,9,0,0,0,2,0,2,0,2
Backend,tn.backend.isimm.security,DomainUserDetailsService,6,95,0,4,0,24,1,8,1,6
Backend,tn.backend.isimm.security,UserNotActivatedException,5,4,0,0,2,2,1,1,1,1
Backend,tn.backend.isimm.service.mapper,UserMapper,133,81,16,2,35,25,18,5,9,5
Backend,tn.backend.isimm.domain,Authority_,3,0,0,0,1,0,1,0,1,0
Backend,tn.backend.isimm.domain,User_,3,0,0,0,1,0,1,0,1,0
Backend,tn.backend.isimm.domain,AbstractAuditingEntity,0,37,0,0,0,17,0,9,0,9
Backend,tn.backend.isimm.domain,AbstractAuditingEntity_,3,0,0,0,1,0,1,0,1,0
Backend,tn.backend.isimm.domain,Authority,23,43,7,3,5,15,5,11,1,10
Backend,tn.backend.isimm.domain,User,0,153,0,8,0,50,0,34,0,30
Backend,tn.backend.isimm.config,LoggingAspectConfiguration,5,3,0,0,1,1,1,1,1,1
Backend,tn.backend.isimm.config,LiquibaseConfiguration,14,97,2,2,4,24,2,2,0,2
Backend,tn.backend.isimm.config,DateTimeFormatConfiguration,0,14,0,0,0,5,0,2,0,2
Backend,tn.backend.isimm.config,DatabaseConfiguration,40,10,4,0,10,4,4,1,2,1
Backend,tn.backend.isimm.config,ApplicationProperties.Liquibase,7,3,0,0,3,1,2,1,2,1
Backend,tn.backend.isimm.config,StaticResourcesWebConfiguration,86,0,0,0,13,0,7,0,7,0
Backend,tn.backend.isimm.config,ApplicationProperties,3,8,0,0,1,2,1,1,1,1
Backend,tn.backend.isimm.config,SecurityConfiguration,17,387,1,1,1,47,2,13,1,13
Backend,tn.backend.isimm.config,CacheConfiguration,7,65,1,1,3,20,2,6,1,6
Backend,tn.backend.isimm.config,SecurityJwtConfiguration,11,98,4,6,2,24,3,8,0,6
Backend,tn.backend.isimm.config,AsyncConfiguration,50,0,0,0,12,0,3,0,3,0
Backend,tn.backend.isimm.config,LocaleConfiguration,0,20,0,0,0,6,0,3,0,3
Backend,tn.backend.isimm.config,WebConfigurer,64,92,10,6,15,23,10,5,2,5
Backend,tn.backend.isimm.config,CRLFLogConverter,142,0,14,0,24,0,12,0,5,0
Backend,tn.backend.isimm.config,JacksonConfiguration,0,18,0,0,0,4,0,4,0,4
Backend,tn.backend.isimm.config,LoggingConfiguration,11,42,4,4,3,12,4,1,0,1
Backend,tn.backend.isimm.web.rest,AuthorityResource,0,93,0,2,0,19,0,6,0,5
Backend,tn.backend.isimm.web.rest,AuthenticateController,0,113,0,2,0,29,0,5,0,4
Backend,tn.backend.isimm.web.rest,AccountResource.AccountResourceException,0,4,0,0,0,2,0,1,0,1
Backend,tn.backend.isimm.web.rest,UserResource,3,261,1,15,1,41,1,15,0,8
Backend,tn.backend.isimm.web.rest,PublicUserResource,0,84,0,2,0,13,0,5,0,4
Backend,tn.backend.isimm.web.rest,AccountResource,15,182,2,22,1,52,4,19,2,9
Backend,tn.backend.isimm.web.rest,AuthenticateController.JWTToken,4,9,0,0,2,4,1,2,1,2
Backend,tn.backend.isimm.aop.logging,LoggingAspect,117,0,10,0,25,0,11,0,6,0
Backend,tn.backend.isimm.web.filter,SpaWebFilter,0,46,3,9,0,13,3,5,0,2
Backend,tn.backend.isimm,BackendApp,125,24,8,2,23,10,8,3,3,3
Backend,tn.backend.isimm,ApplicationWebXml,15,0,0,0,3,0,2,0,2,0
Backend,tn.backend.isimm.web.rest.errors,InvalidPasswordException,0,14,0,0,0,7,0,1,0,1
Backend,tn.backend.isimm.web.rest.errors,BadRequestAlertException,10,34,0,0,3,13,3,2,3,2
Backend,tn.backend.isimm.web.rest.errors,EmailAlreadyUsedException,0,7,0,0,0,2,0,1,0,1
Backend,tn.backend.isimm.web.rest.errors,LoginAlreadyUsedException,0,7,0,0,0,2,0,1,0,1
Backend,tn.backend.isimm.web.rest.errors,ErrorConstants,0,16,0,0,0,5,0,1,0,1
Backend,tn.backend.isimm.web.rest.errors,FieldErrorVM,0,21,0,0,0,8,0,4,0,4
Backend,tn.backend.isimm.web.rest.errors,ExceptionTranslator,110,396,26,62,11,78,23,45,2,22
Backend,tn.backend.isimm.service.dto,AdminUserDTO,0,190,0,0,0,58,0,29,0,29
Backend,tn.backend.isimm.service.dto,PasswordChangeDTO,0,26,0,0,0,12,0,6,0,6
Backend,tn.backend.isimm.service.dto,UserDTO,17,17,0,0,7,6,4,3,4,3
Backend,tn.backend.isimm.management,SecurityMetersService,4,53,0,0,2,16,1,5,1,5
Backend,tn.backend.isimm.service,InvalidPasswordException,0,4,0,0,0,2,0,1,0,1
Backend,tn.backend.isimm.service,UsernameAlreadyUsedException,0,4,0,0,0,2,0,1,0,1
Backend,tn.backend.isimm.service,MailService,7,188,1,1,2,44,1,8,0,8
Backend,tn.backend.isimm.service,UserService,12,619,7,15,2,177,8,32,1,28
Backend,tn.backend.isimm.service,EmailAlreadyUsedException,0,4,0,0,0,2,0,1,0,1
